0 info it worked if it ends with ok
1 verbose cli [ '/Users/bertvermeire/.nvm/v0.11.14/bin/node',
1 verbose cli   '/Users/bertvermeire/.nvm/v0.11.14/bin/npm',
1 verbose cli   'install' ]
2 info using npm@2.0.0
3 info using node@v0.11.14
4 warn package.json croky-cup@ No description
5 warn package.json croky-cup@ No repository field.
6 verbose readDependencies using package.json deps
7 verbose install where, deps [ '/Users/bertvermeire/Sites/croky-cupking',
7 verbose install   [ 'browser-sync',
7 verbose install     'express',
7 verbose install     'mustache-express',
7 verbose install     'babelify',
7 verbose install     'browserify',
7 verbose install     'gulp',
7 verbose install     'gulp-autoprefixer',
7 verbose install     'gulp-compass',
7 verbose install     'gulp-concat',
7 verbose install     'gulp-live-server',
7 verbose install     'gulp-minify-css',
7 verbose install     'gulp-notify',
7 verbose install     'gulp-plumber',
7 verbose install     'gulp-rename',
7 verbose install     'gulp-sourcemaps',
7 verbose install     'gulp-uglify',
7 verbose install     'path',
7 verbose install     'vinyl-buffer',
7 verbose install     'vinyl-source-stream',
7 verbose install     'watchify' ] ]
8 info preinstall croky-cup@
9 warn package.json path@0.12.7 path is also the name of a node core module.
10 verbose readDependencies using package.json deps
11 verbose already installed skipping gulp@^3.9.0 /Users/bertvermeire/Sites/croky-cupking
12 verbose already installed skipping gulp-autoprefixer@^3.0.2 /Users/bertvermeire/Sites/croky-cupking
13 verbose already installed skipping gulp-compass@^2.1.0 /Users/bertvermeire/Sites/croky-cupking
14 verbose already installed skipping gulp-concat@^2.6.0 /Users/bertvermeire/Sites/croky-cupking
15 verbose cache add [ 'gulp-live-server@^0.3.5', null ]
16 verbose cache add spec="gulp-live-server@^0.3.5" args=["gulp-live-server@^0.3.5",null]
17 verbose parsed spec { raw: 'gulp-live-server@^0.3.5',
17 verbose parsed spec   scope: null,
17 verbose parsed spec   name: 'gulp-live-server',
17 verbose parsed spec   rawSpec: '^0.3.5',
17 verbose parsed spec   spec: '>=0.3.5 <0.4.0',
17 verbose parsed spec   type: 'range' }
18 verbose already installed skipping gulp-minify-css@^1.2.1 /Users/bertvermeire/Sites/croky-cupking
19 verbose already installed skipping gulp-notify@^2.2.0 /Users/bertvermeire/Sites/croky-cupking
20 verbose already installed skipping gulp-plumber@^1.0.1 /Users/bertvermeire/Sites/croky-cupking
21 verbose already installed skipping gulp-rename@^1.2.2 /Users/bertvermeire/Sites/croky-cupking
22 verbose already installed skipping gulp-sourcemaps@^1.5.2 /Users/bertvermeire/Sites/croky-cupking
23 verbose already installed skipping gulp-uglify@^1.4.1 /Users/bertvermeire/Sites/croky-cupking
24 verbose parsed spec { raw: 'gulp-live-server@^0.3.5',
24 verbose parsed spec   scope: null,
24 verbose parsed spec   name: 'gulp-live-server',
24 verbose parsed spec   rawSpec: '^0.3.5',
24 verbose parsed spec   spec: '>=0.3.5 <0.4.0',
24 verbose parsed spec   type: 'range' }
25 verbose addNamed [ 'gulp-live-server', '>=0.3.5 <0.4.0' ]
26 verbose addNamed [ null, '>=0.3.5 <0.4.0' ]
27 verbose already installed skipping path@^0.12.7 /Users/bertvermeire/Sites/croky-cupking
28 verbose already installed skipping vinyl-buffer@^1.0.0 /Users/bertvermeire/Sites/croky-cupking
29 silly lockFile 9557ef91-gulp-live-server-0-3-5-0-4-0 gulp-live-server@>=0.3.5 <0.4.0
30 verbose lock gulp-live-server@>=0.3.5 <0.4.0 /Users/bertvermeire/.npm/9557ef91-gulp-live-server-0-3-5-0-4-0.lock
31 verbose already installed skipping vinyl-source-stream@^1.1.0 /Users/bertvermeire/Sites/croky-cupking
32 silly addNameRange { name: 'gulp-live-server',
32 silly addNameRange   range: '>=0.3.5 <0.4.0',
32 silly addNameRange   hasData: false }
33 verbose mapToRegistry name gulp-live-server
34 verbose mapToRegistry uri https://registry.npmjs.org/gulp-live-server
35 verbose already installed skipping watchify@^3.4.0 /Users/bertvermeire/Sites/croky-cupking
36 verbose request on initialization, where is /gulp-live-server
37 verbose request after pass 1, where is /gulp-live-server
38 verbose request url raw /gulp-live-server
39 verbose request resolving registry [ 'https://registry.npmjs.org/', './gulp-live-server' ]
40 verbose request after pass 2, where is https://registry.npmjs.org/gulp-live-server
41 verbose request no auth needed
42 info attempt registry request try #1 at 09:25:57
43 verbose request using bearer token for auth
44 verbose request id f80689ec0a49ca4b
45 http request GET https://registry.npmjs.org/gulp-live-server
46 verbose already installed skipping browser-sync@^2.9.6 /Users/bertvermeire/Sites/croky-cupking
47 verbose already installed skipping express@^4.13.3 /Users/bertvermeire/Sites/croky-cupking
48 verbose already installed skipping mustache-express@^1.2.1 /Users/bertvermeire/Sites/croky-cupking
49 verbose already installed skipping babelify@^6.3.0 /Users/bertvermeire/Sites/croky-cupking
50 verbose already installed skipping browserify@^11.2.0 /Users/bertvermeire/Sites/croky-cupking
51 http 200 https://registry.npmjs.org/gulp-live-server
52 silly registry.get cb [ 200,
52 silly registry.get   { server: 'CouchDB/1.5.0 (Erlang OTP/R16B03)',
52 silly registry.get     etag: '"5OTQ3V5JMQ5BMAOT3110UEQ7A"',
52 silly registry.get     'content-type': 'application/json',
52 silly registry.get     'cache-control': 'max-age=60',
52 silly registry.get     'content-length': '46775',
52 silly registry.get     'accept-ranges': 'bytes',
52 silly registry.get     date: 'Mon, 12 Oct 2015 07:25:44 GMT',
52 silly registry.get     via: '1.1 varnish',
52 silly registry.get     connection: 'close',
52 silly registry.get     'x-served-by': 'cache-lcy1122-LCY',
52 silly registry.get     'x-cache': 'MISS',
52 silly registry.get     'x-cache-hits': '0',
52 silly registry.get     'x-timer': 'S1444634744.610271,VS0,VE347',
52 silly registry.get     vary: 'Accept' } ]
53 silly addNameRange number 2 { name: 'gulp-live-server',
53 silly addNameRange   range: '>=0.3.5 <0.4.0',
53 silly addNameRange   hasData: true }
54 silly addNameRange versions [ 'gulp-live-server',
54 silly addNameRange   [ '0.0.1',
54 silly addNameRange     '0.0.2',
54 silly addNameRange     '0.0.3',
54 silly addNameRange     '0.0.4',
54 silly addNameRange     '0.0.5',
54 silly addNameRange     '0.0.6',
54 silly addNameRange     '0.0.7',
54 silly addNameRange     '0.0.8',
54 silly addNameRange     '0.0.9',
54 silly addNameRange     '0.0.10',
54 silly addNameRange     '0.0.11',
54 silly addNameRange     '0.0.12',
54 silly addNameRange     '0.0.13',
54 silly addNameRange     '0.0.14',
54 silly addNameRange     '0.0.15',
54 silly addNameRange     '0.0.16',
54 silly addNameRange     '0.0.17',
54 silly addNameRange     '0.0.18',
54 silly addNameRange     '0.0.19',
54 silly addNameRange     '0.0.20',
54 silly addNameRange     '0.0.21',
54 silly addNameRange     '0.0.22',
54 silly addNameRange     '0.0.23',
54 silly addNameRange     '0.0.24',
54 silly addNameRange     '0.0.25',
54 silly addNameRange     '0.0.26',
54 silly addNameRange     '0.0.27',
54 silly addNameRange     '0.0.28',
54 silly addNameRange     '0.0.29' ] ]
55 silly lockFile 9557ef91-gulp-live-server-0-3-5-0-4-0 gulp-live-server@>=0.3.5 <0.4.0
56 silly lockFile 9557ef91-gulp-live-server-0-3-5-0-4-0 gulp-live-server@>=0.3.5 <0.4.0
57 verbose stack Error: No compatible version found: gulp-live-server@'>=0.3.5 <0.4.0'
57 verbose stack Valid install targets:
57 verbose stack ["0.0.1","0.0.2","0.0.3","0.0.4","0.0.5","0.0.6","0.0.7","0.0.8","0.0.9","0.0.10","0.0.11","0.0.12","0.0.13","0.0.14","0.0.15","0.0.16","0.0.17","0.0.18","0.0.19","0.0.20","0.0.21","0.0.22","0.0.23","0.0.24","0.0.25","0.0.26","0.0.27","0.0.28","0.0.29"]
57 verbose stack
57 verbose stack     at installTargetsError (/Users/bertvermeire/.nvm/v0.11.14/lib/node_modules/npm/lib/cache/add-named.js:258:12)
57 verbose stack     at next (/Users/bertvermeire/.nvm/v0.11.14/lib/node_modules/npm/lib/cache/add-named.js:237:17)
57 verbose stack     at setData (/Users/bertvermeire/.nvm/v0.11.14/lib/node_modules/npm/lib/cache/add-named.js:214:5)
57 verbose stack     at saved (/Users/bertvermeire/.nvm/v0.11.14/lib/node_modules/npm/node_modules/npm-registry-client/lib/get.js:167:7)
57 verbose stack     at Object.oncomplete (fs.js:93:15)
58 verbose cwd /Users/bertvermeire/Sites/croky-cupking
59 error Darwin 15.0.0
60 error argv "/Users/bertvermeire/.nvm/v0.11.14/bin/node" "/Users/bertvermeire/.nvm/v0.11.14/bin/npm" "install"
61 error node v0.11.14
62 error npm  v2.0.0
63 error code ETARGET
64 error notarget No compatible version found: gulp-live-server@'>=0.3.5 <0.4.0'
64 error notarget Valid install targets:
64 error notarget ["0.0.1","0.0.2","0.0.3","0.0.4","0.0.5","0.0.6","0.0.7","0.0.8","0.0.9","0.0.10","0.0.11","0.0.12","0.0.13","0.0.14","0.0.15","0.0.16","0.0.17","0.0.18","0.0.19","0.0.20","0.0.21","0.0.22","0.0.23","0.0.24","0.0.25","0.0.26","0.0.27","0.0.28","0.0.29"]
64 error notarget
64 error notarget This is most likely not a problem with npm itself.
64 error notarget In most cases you or one of your dependencies are requesting
64 error notarget a package version that doesn't exist.
65 verbose exit [ 1, true ]
